Start testing: Apr 20 19:17 PDT
----------------------------------------------------------
1/2 Testing: regulator_test
1/2 Test: regulator_test
Command: "/home/hongbo/workspace/compliance-engine/test/build/regulator_client"
Directory: /home/hongbo/workspace/compliance-engine/test/build
"regulator_test" start time: Apr 20 19:17 PDT
Output:
----------------------------------------------------------
Running main() from /home/hongbo/dependent/googletest/googletest/src/gtest_main.cc
[==========] Running 2 tests from 1 test suite.
[----------] Global test environment set-up.
[----------] 2 tests from RegulatorClientTest
[ RUN      ] RegulatorClientTest.RegulatorSucc1
[       OK ] RegulatorClientTest.RegulatorSucc1 (286 ms)
[ RUN      ] RegulatorClientTest.RegulatorFail1
[       OK ] RegulatorClientTest.RegulatorFail1 (178 ms)
[----------] 2 tests from RegulatorClientTest (465 ms total)

[----------] Global test environment tear-down
[==========] 2 tests from 1 test suite ran. (466 ms total)
[  PASSED  ] 2 tests.
<end of output>
Test time =   0.54 sec
----------------------------------------------------------
Test Passed.
"regulator_test" end time: Apr 20 19:17 PDT
"regulator_test" time elapsed: 00:00:00
----------------------------------------------------------

2/2 Testing: register_test
2/2 Test: register_test
Command: "/home/hongbo/workspace/compliance-engine/test/build/register_client"
Directory: /home/hongbo/workspace/compliance-engine/test/build
"register_test" start time: Apr 20 19:17 PDT
Output:
----------------------------------------------------------
Running main() from /home/hongbo/dependent/googletest/googletest/src/gtest_main.cc
[==========] Running 1 test from 1 test suite.
[----------] Global test environment set-up.
[----------] 1 test from RegisterTest
[ RUN      ] RegisterTest.RegisterSucc
[       OK ] RegisterTest.RegisterSucc (40 ms)
[----------] 1 test from RegisterTest (40 ms total)

[----------] Global test environment tear-down
[==========] 1 test from 1 test suite ran. (41 ms total)
[  PASSED  ] 1 test.
<end of output>
Test time =   0.10 sec
----------------------------------------------------------
Test Passed.
"register_test" end time: Apr 20 19:17 PDT
"register_test" time elapsed: 00:00:00
----------------------------------------------------------

End testing: Apr 20 19:17 PDT
